

Terminals which are not used:

   END_STMT
   ERROR_TOKEN
   CODE
   INT_VALUE



Grammar
rule 1    Format -> Requests Notifications
rule 2    Requests -> START_REQUESTS
rule 3    @1 ->		/* empty */
rule 4    Requests -> START_REQUESTS @1 NetMessages
rule 5    Notifications -> START_NOTIFICATIONS
rule 6    @2 ->		/* empty */
rule 7    Notifications -> START_NOTIFICATIONS @2 NetMessages
rule 8    NetMessages -> NetMessage
rule 9    NetMessages -> NetMessages NetMessage
rule 10   NetMessage -> Host IDENTIFER ParameterList
rule 11   Host -> HOST_INTERFACE
rule 12   Host -> HOST_GAME
rule 13   ParameterList -> OPEN_PAR CLOSE_PAR
rule 14   ParameterList -> OPEN_PAR Parameters CLOSE_PAR
rule 15   Parameters -> Parameter
rule 16   Parameters -> Parameters COMMA Parameter
rule 17   Parameter -> IDENTIFER IDENTIFER
rule 18   Parameter -> IDENTIFER REFERENCE IDENTIFER
rule 19   Parameter -> IDENTIFER POINTER IDENTIFER
rule 20   Parameter -> CONSTANT IDENTIFER IDENTIFER
rule 21   Parameter -> CONSTANT IDENTIFER REFERENCE IDENTIFER
rule 22   Parameter -> CONSTANT IDENTIFER POINTER IDENTIFER

Terminals, with rules where they appear

$ (-1)
error (256)
END_STMT (258)
OPEN_PAR (259) 13 14
CLOSE_PAR (260) 13 14
COMMA (261) 16
CONSTANT (262) 20 21 22
REFERENCE (263) 18 21
POINTER (264) 19 22
START_REQUESTS (265) 2 4
START_NOTIFICATIONS (266) 5 7
ERROR_TOKEN (267)
HOST_GAME (268) 12
HOST_INTERFACE (269) 11
CODE (270)
IDENTIFER (271) 10 17 18 19 20 21 22
INT_VALUE (272)

Nonterminals, with rules where they appear

Format (18)
    on left: 1
Requests (19)
    on left: 2 4, on right: 1
@1 (20)
    on left: 3, on right: 4
Notifications (21)
    on left: 5 7, on right: 1
@2 (22)
    on left: 6, on right: 7
NetMessages (23)
    on left: 8 9, on right: 4 7 9
NetMessage (24)
    on left: 10, on right: 8 9
Host (25)
    on left: 11 12, on right: 10
ParameterList (26)
    on left: 13 14, on right: 10
Parameters (27)
    on left: 15 16, on right: 14 16
Parameter (28)
    on left: 17 18 19 20 21 22, on right: 15 16


state 0

    START_REQUESTS	shift, and go to state 1

    Format	go to state 36
    Requests	go to state 2



state 1

    Requests  ->  START_REQUESTS .   (rule 2)
    Requests  ->  START_REQUESTS . @1 NetMessages   (rule 4)

    START_NOTIFICATIONS	reduce using rule 2 (Requests)
    $default	reduce using rule 3 (@1)

    @1  	go to state 3



state 2

    Format  ->  Requests . Notifications   (rule 1)

    START_NOTIFICATIONS	shift, and go to state 4

    Notifications	go to state 5



state 3

    Requests  ->  START_REQUESTS @1 . NetMessages   (rule 4)

    HOST_GAME	shift, and go to state 6
    HOST_INTERFACE	shift, and go to state 7

    NetMessages	go to state 8
    NetMessage	go to state 9
    Host	go to state 10



state 4

    Notifications  ->  START_NOTIFICATIONS .   (rule 5)
    Notifications  ->  START_NOTIFICATIONS . @2 NetMessages   (rule 7)

    $   	reduce using rule 5 (Notifications)
    $default	reduce using rule 6 (@2)

    @2  	go to state 11



state 5

    Format  ->  Requests Notifications .   (rule 1)

    $default	reduce using rule 1 (Format)



state 6

    Host  ->  HOST_GAME .   (rule 12)

    $default	reduce using rule 12 (Host)



state 7

    Host  ->  HOST_INTERFACE .   (rule 11)

    $default	reduce using rule 11 (Host)



state 8

    Requests  ->  START_REQUESTS @1 NetMessages .   (rule 4)
    NetMessages  ->  NetMessages . NetMessage   (rule 9)

    HOST_GAME	shift, and go to state 6
    HOST_INTERFACE	shift, and go to state 7

    $default	reduce using rule 4 (Requests)

    NetMessage	go to state 12
    Host	go to state 10



state 9

    NetMessages  ->  NetMessage .   (rule 8)

    $default	reduce using rule 8 (NetMessages)



state 10

    NetMessage  ->  Host . IDENTIFER ParameterList   (rule 10)

    IDENTIFER	shift, and go to state 13



state 11

    Notifications  ->  START_NOTIFICATIONS @2 . NetMessages   (rule 7)

    HOST_GAME	shift, and go to state 6
    HOST_INTERFACE	shift, and go to state 7

    NetMessages	go to state 14
    NetMessage	go to state 9
    Host	go to state 10



state 12

    NetMessages  ->  NetMessages NetMessage .   (rule 9)

    $default	reduce using rule 9 (NetMessages)



state 13

    NetMessage  ->  Host IDENTIFER . ParameterList   (rule 10)

    OPEN_PAR	shift, and go to state 15

    ParameterList	go to state 16



state 14

    Notifications  ->  START_NOTIFICATIONS @2 NetMessages .   (rule 7)
    NetMessages  ->  NetMessages . NetMessage   (rule 9)

    HOST_GAME	shift, and go to state 6
    HOST_INTERFACE	shift, and go to state 7

    $default	reduce using rule 7 (Notifications)

    NetMessage	go to state 12
    Host	go to state 10



state 15

    ParameterList  ->  OPEN_PAR . CLOSE_PAR   (rule 13)
    ParameterList  ->  OPEN_PAR . Parameters CLOSE_PAR   (rule 14)

    CLOSE_PAR	shift, and go to state 17
    CONSTANT	shift, and go to state 18
    IDENTIFER	shift, and go to state 19

    Parameters	go to state 20
    Parameter	go to state 21



state 16

    NetMessage  ->  Host IDENTIFER ParameterList .   (rule 10)

    $default	reduce using rule 10 (NetMessage)



state 17

    ParameterList  ->  OPEN_PAR CLOSE_PAR .   (rule 13)

    $default	reduce using rule 13 (ParameterList)



state 18

    Parameter  ->  CONSTANT . IDENTIFER IDENTIFER   (rule 20)
    Parameter  ->  CONSTANT . IDENTIFER REFERENCE IDENTIFER   (rule 21)
    Parameter  ->  CONSTANT . IDENTIFER POINTER IDENTIFER   (rule 22)

    IDENTIFER	shift, and go to state 22



state 19

    Parameter  ->  IDENTIFER . IDENTIFER   (rule 17)
    Parameter  ->  IDENTIFER . REFERENCE IDENTIFER   (rule 18)
    Parameter  ->  IDENTIFER . POINTER IDENTIFER   (rule 19)

    REFERENCE	shift, and go to state 23
    POINTER	shift, and go to state 24
    IDENTIFER	shift, and go to state 25



state 20

    ParameterList  ->  OPEN_PAR Parameters . CLOSE_PAR   (rule 14)
    Parameters  ->  Parameters . COMMA Parameter   (rule 16)

    CLOSE_PAR	shift, and go to state 26
    COMMA	shift, and go to state 27



state 21

    Parameters  ->  Parameter .   (rule 15)

    $default	reduce using rule 15 (Parameters)



state 22

    Parameter  ->  CONSTANT IDENTIFER . IDENTIFER   (rule 20)
    Parameter  ->  CONSTANT IDENTIFER . REFERENCE IDENTIFER   (rule 21)
    Parameter  ->  CONSTANT IDENTIFER . POINTER IDENTIFER   (rule 22)

    REFERENCE	shift, and go to state 28
    POINTER	shift, and go to state 29
    IDENTIFER	shift, and go to state 30



state 23

    Parameter  ->  IDENTIFER REFERENCE . IDENTIFER   (rule 18)

    IDENTIFER	shift, and go to state 31



state 24

    Parameter  ->  IDENTIFER POINTER . IDENTIFER   (rule 19)

    IDENTIFER	shift, and go to state 32



state 25

    Parameter  ->  IDENTIFER IDENTIFER .   (rule 17)

    $default	reduce using rule 17 (Parameter)



state 26

    ParameterList  ->  OPEN_PAR Parameters CLOSE_PAR .   (rule 14)

    $default	reduce using rule 14 (ParameterList)



state 27

    Parameters  ->  Parameters COMMA . Parameter   (rule 16)

    CONSTANT	shift, and go to state 18
    IDENTIFER	shift, and go to state 19

    Parameter	go to state 33



state 28

    Parameter  ->  CONSTANT IDENTIFER REFERENCE . IDENTIFER   (rule 21)

    IDENTIFER	shift, and go to state 34



state 29

    Parameter  ->  CONSTANT IDENTIFER POINTER . IDENTIFER   (rule 22)

    IDENTIFER	shift, and go to state 35



state 30

    Parameter  ->  CONSTANT IDENTIFER IDENTIFER .   (rule 20)

    $default	reduce using rule 20 (Parameter)



state 31

    Parameter  ->  IDENTIFER REFERENCE IDENTIFER .   (rule 18)

    $default	reduce using rule 18 (Parameter)



state 32

    Parameter  ->  IDENTIFER POINTER IDENTIFER .   (rule 19)

    $default	reduce using rule 19 (Parameter)



state 33

    Parameters  ->  Parameters COMMA Parameter .   (rule 16)

    $default	reduce using rule 16 (Parameters)



state 34

    Parameter  ->  CONSTANT IDENTIFER REFERENCE IDENTIFER .   (rule 21)

    $default	reduce using rule 21 (Parameter)



state 35

    Parameter  ->  CONSTANT IDENTIFER POINTER IDENTIFER .   (rule 22)

    $default	reduce using rule 22 (Parameter)



state 36

    $   	go to state 37



state 37

    $   	go to state 38



state 38

    $default	accept
